2026-02-19 23:39:18,465 [src.core.event_loop] INFO Running on win32 - using standard asyncio
2026-02-19 23:39:18,465 [src.core.event_loop] INFO Note: For uvloop performance on Windows, use WSL2
2026-02-19 23:39:19,216 [src.core.state] INFO EMA solve time initialized: 4.2s (1 records)
2026-02-19 23:39:19,472 [__main__] INFO Event loop: ProactorEventLoop
2026-02-19 23:39:19,474 [src.core.executor] INFO Process pool initialized with 31 workers
2026-02-19 23:39:19,474 [__main__] INFO Starting timeout checker...
2026-02-19 23:39:19,474 [__main__] INFO Starting hashrate aggregation...
2026-02-19 23:39:19,475 [__main__] INFO Starting session token cleanup...
2026-02-19 23:39:19,475 [src.core.state] INFO Session token cleanup task started
2026-02-19 23:39:19,475 [__main__] INFO Initial difficulty: 15
2026-02-19 23:39:19,475 [__main__] INFO Target time: 75s, timeout: 120s | EMA: 4.2s
2026-02-19 23:39:19,475 [src.core.turnstile] INFO Running in TEST MODE - all tokens will pass
2026-02-19 23:39:19,475 [__main__] INFO Turnstile Site Key: 1x000000000000000000... (TEST MODE)
2026-02-19 23:39:31,295 [src.api.admin] INFO Admin WebSocket connected (total: 1)
2026-02-19 23:39:59,420 [src.api.admin] INFO Admin WebSocket disconnected (total: 0)
2026-02-19 23:39:59,513 [__main__] INFO Timeout checker stopped
2026-02-19 23:39:59,514 [__main__] INFO Hashrate aggregation stopped
2026-02-19 23:39:59,514 [__main__] INFO Session token cleanup stopped
2026-02-19 23:39:59,514 [src.core.executor] INFO Process pool shutdown (wait=True)
2026-02-19 23:45:45,188 [src.core.event_loop] INFO Running on win32 - using standard asyncio
2026-02-19 23:45:45,188 [src.core.event_loop] INFO Note: For uvloop performance on Windows, use WSL2
2026-02-19 23:45:45,537 [src.core.state] INFO EMA solve time initialized: 4.2s (1 records)
2026-02-19 23:45:45,673 [__main__] INFO Event loop: ProactorEventLoop
2026-02-19 23:45:45,674 [src.core.executor] INFO Process pool initialized with 31 workers
2026-02-19 23:45:45,675 [__main__] INFO Starting timeout checker...
2026-02-19 23:45:45,675 [__main__] INFO Starting hashrate aggregation...
2026-02-19 23:45:45,675 [__main__] INFO Starting session token cleanup...
2026-02-19 23:45:45,676 [src.core.state] INFO Session token cleanup task started
2026-02-19 23:45:45,676 [__main__] INFO Initial difficulty: 15
2026-02-19 23:45:45,676 [__main__] INFO Target time: 75s, timeout: 120s | EMA: 4.2s
2026-02-19 23:45:45,676 [src.core.turnstile] INFO Running in TEST MODE - all tokens will pass
2026-02-19 23:45:45,676 [__main__] INFO Turnstile Site Key: 1x000000000000000000... (TEST MODE)
2026-02-19 23:45:47,321 [src.api.admin] INFO Admin WebSocket connected (total: 1)
2026-02-19 23:46:13,199 [src.api.admin] INFO Admin WebSocket connected (total: 2)
2026-02-19 23:46:13,456 [src.api.admin] INFO Admin WebSocket disconnected (total: 1)
2026-02-19 23:47:23,975 [src.core.turnstile] INFO Running in TEST MODE - all tokens will pass
2026-02-19 23:47:26,031 [src.api.routes] WARNING WebSocket rejected: invalid Session Token from IP 127.0.0.1
2026-02-19 23:47:27,074 [src.api.routes] WARNING WebSocket rejected: invalid Session Token from IP 127.0.0.1
2026-02-19 23:48:49,907 [src.api.admin] INFO Admin WebSocket disconnected (total: 0)
2026-02-19 23:48:50,017 [__main__] INFO Timeout checker stopped
2026-02-19 23:48:50,017 [__main__] INFO Hashrate aggregation stopped
2026-02-19 23:48:50,018 [__main__] INFO Session token cleanup stopped
2026-02-19 23:48:50,018 [src.core.executor] INFO Process pool shutdown (wait=True)
